Determining if the pthread_create exist failed with the following output:
Change Dir: /home/shazia/trsa_ws/build/CMakeFiles/CMakeTmp

Run Build Command:"/usr/bin/make" "cmTC_b1349/fast"
/usr/bin/make -f CMakeFiles/cmTC_b1349.dir/build.make CMakeFiles/cmTC_b1349.dir/build
make[1]: Entering directory '/home/shazia/trsa_ws/build/CMakeFiles/CMakeTmp'
Building C object CMakeFiles/cmTC_b1349.dir/CheckSymbolExists.c.o
/usr/bin/cc    -o CMakeFiles/cmTC_b1349.dir/CheckSymbolExists.c.o   -c /home/shazia/trsa_ws/build/CMakeFiles/CMakeTmp/CheckSymbolExists.c
Linking C executable cmTC_b1349
/usr/bin/cmake -E cmake_link_script CMakeFiles/cmTC_b1349.dir/link.txt --verbose=1
/usr/bin/cc      -rdynamic CMakeFiles/cmTC_b1349.dir/CheckSymbolExists.c.o  -o cmTC_b1349 
CMakeFiles/cmTC_b1349.dir/CheckSymbolExists.c.o: In function `main':
CheckSymbolExists.c:(.text+0x1b): undefined reference to `pthread_create'
collect2: error: ld returned 1 exit status
CMakeFiles/cmTC_b1349.dir/build.make:97: recipe for target 'cmTC_b1349' failed
make[1]: *** [cmTC_b1349] Error 1
make[1]: Leaving directory '/home/shazia/trsa_ws/build/CMakeFiles/CMakeTmp'
Makefile:126: recipe for target 'cmTC_b1349/fast' failed
make: *** [cmTC_b1349/fast] Error 2

File /home/shazia/trsa_ws/build/CMakeFiles/CMakeTmp/CheckSymbolExists.c:
/* */
#include <pthread.h>

int main(int argc, char** argv)
{
  (void)argv;
#ifndef pthread_create
  return ((int*)(&pthread_create))[argc];
#else
  (void)argc;
  return 0;
#endif
}

Determining if the function pthread_create exists in the pthreads failed with the following output:
Change Dir: /home/shazia/trsa_ws/build/CMakeFiles/CMakeTmp

Run Build Command:"/usr/bin/make" "cmTC_4d571/fast"
/usr/bin/make -f CMakeFiles/cmTC_4d571.dir/build.make CMakeFiles/cmTC_4d571.dir/build
make[1]: Entering directory '/home/shazia/trsa_ws/build/CMakeFiles/CMakeTmp'
Building C object CMakeFiles/cmTC_4d571.dir/CheckFunctionExists.c.o
/usr/bin/cc   -DCHECK_FUNCTION_EXISTS=pthread_create   -o CMakeFiles/cmTC_4d571.dir/CheckFunctionExists.c.o   -c /usr/share/cmake-3.10/Modules/CheckFunctionExists.c
Linking C executable cmTC_4d571
/usr/bin/cmake -E cmake_link_script CMakeFiles/cmTC_4d571.dir/link.txt --verbose=1
/usr/bin/cc  -DCHECK_FUNCTION_EXISTS=pthread_create    -rdynamic CMakeFiles/cmTC_4d571.dir/CheckFunctionExists.c.o  -o cmTC_4d571 -lpthreads 
/usr/bin/ld: cannot find -lpthreads
collect2: error: ld returned 1 exit status
CMakeFiles/cmTC_4d571.dir/build.make:97: recipe for target 'cmTC_4d571' failed
make[1]: *** [cmTC_4d571] Error 1
make[1]: Leaving directory '/home/shazia/trsa_ws/build/CMakeFiles/CMakeTmp'
Makefile:126: recipe for target 'cmTC_4d571/fast' failed
make: *** [cmTC_4d571/fast] Error 2


